irun(64): 15.20-s076: (c) Copyright 1995-2019 Cadence Design Systems, Inc.
TOOL:	irun(64)	15.20-s076: Started on Dec 06, 2023 at 20:43:38 EST
irun
	-access +r
	-gui
	pseudo.v
	pseudo_driver.v
	pseudo_stim.v

-------------------------------------
Relinquished control to SimVision...
ncsim> 
ncsim> source /escnfs/home/csesoft/cadence/installs/INCISIVE152/tools/inca/files/ncsimrc
ncsim> database -open waves -into waves.shm -default
Created default SHM database waves
ncsim> probe -create -shm pseudo_driver.busy pseudo_driver.clk pseudo_driver.num pseudo_driver.seq_num pseudo_driver.start pseudo_driver.sw_in
Created probe 1
ncsim> reset
Loaded snapshot worklib.pseudo_driver:v
ncsim> run
Simulation stopped via $stop(1) at time 100 NS + 0
ncsim> ^C
ncsim> exit
TOOL:	irun(64)	15.20-s076: Exiting on Dec 06, 2023 at 20:45:54 EST  (total: 00:02:16)
